28
[Accounting:
    [end_time: 0, 
     num_bursts: 0, 
     start_time: 0, 
     total_burst_time: 0, 
     turnaround_time: 0, 
     wait_time: 0, 
    ]
]
24
25
26
27
20
21
22
23
28
29
4
8
59
58
55
54
57
56
51
50
53
52
89
82
83
80
81
86
87
84
85
3
7
102
103
100
101
39
33
32
31
30
37
36
35
34
60
61
62
63
64
65
66
67
68
69
2
6
99
98
91
90
93
92
95
94
97
96
11
10
13
12
15
14
17
16
19
18
48
49
46
47
44
45
42
43
40
41
1
5
9
77
76
75
74
73
72
71
70
79
78
[ Process_ID: 24 
  [Accounting:
    [end_time: 0, 
     num_bursts: 0, 
     start_time: 0, 
     total_burst_time: 0, 
     turnaround_time: 0, 
     wait_time: 0, 
    ]
]
[ Process_ID: 25 
  [Accounting:
    [end_time: 0, 
     num_bursts: 0, 
     start_time: 0, 
     total_burst_time: 0, 
     turnaround_time: 0, 
     wait_time: 0, 
    ]
]
[ Process_ID: 26 
  [Accounting:
    [end_time: 0, 
     num_bursts: 0, 
     start_time: 0, 
     total_burst_time: 0, 
     turnaround_time: 0, 
     wait_time: 0, 
    ]
]
[ Process_ID: 27 
  [Accounting:
    [end_time: 0, 
     num_bursts: 0, 
     start_time: 0, 
     total_burst_time: 0, 
     turnaround_time: 0, 
     wait_time: 0, 
    ]
]
[ Process_ID: 20 
  [Accounting:
    [end_time: 0, 
     num_bursts: 0, 
     start_time: 0, 
     total_burst_time: 0, 
     turnaround_time: 0, 
     wait_time: 0, 
    ]
]
[ Process_ID: 21 
  [Accounting:
    [end_time: 0, 
     num_bursts: 0, 
     start_time: 0, 
     total_burst_time: 0, 
     turnaround_time: 0, 
     wait_time: 0, 
    ]
]
[ Process_ID: 22 
  [Accounting:
    [end_time: 0, 
     num_bursts: 0, 
     start_time: 0, 
     total_burst_time: 0, 
     turnaround_time: 0, 
     wait_time: 0, 
    ]
]
[ Process_ID: 23 
  [Accounting:
    [end_time: 0, 
     num_bursts: 0, 
     start_time: 0, 
     total_burst_time: 0, 
     turnaround_time: 0, 
     wait_time: 0, 
    ]
]
[ Process_ID: 28 
  [Accounting:
    [end_time: 0, 
     num_bursts: 0, 
     start_time: 0, 
     total_burst_time: 0, 
     turnaround_time: 0, 
     wait_time: 0, 
    ]
]
[ Process_ID: 29 
  [Accounting:
    [end_time: 0, 
     num_bursts: 0, 
     start_time: 0, 
     total_burst_time: 0, 
     turnaround_time: 0, 
     wait_time: 0, 
    ]
]
[ Process_ID: 4 
  [Accounting:
    [end_time: 0, 
     num_bursts: 0, 
     start_time: 0, 
     total_burst_time: 0, 
     turnaround_time: 0, 
     wait_time: 0, 
    ]
]
[ Process_ID: 8 
  [Accounting:
    [end_time: 0, 
     num_bursts: 0, 
     start_time: 0, 
     total_burst_time: 0, 
     turnaround_time: 0, 
     wait_time: 0, 
    ]
]
[ Process_ID: 59 
  [Accounting:
    [end_time: 0, 
     num_bursts: 0, 
     start_time: 0, 
     total_burst_time: 0, 
     turnaround_time: 0, 
     wait_time: 0, 
    ]
]
[ Process_ID: 58 
  [Accounting:
    [end_time: 0, 
     num_bursts: 0, 
     start_time: 0, 
     total_burst_time: 0, 
     turnaround_time: 0, 
     wait_time: 0, 
    ]
]
[ Process_ID: 55 
  [Accounting:
    [end_time: 0, 
     num_bursts: 0, 
     start_time: 0, 
     total_burst_time: 0, 
     turnaround_time: 0, 
     wait_time: 0, 
    ]
]
[ Process_ID: 54 
  [Accounting:
    [end_time: 0, 
     num_bursts: 0, 
     start_time: 0, 
     total_burst_time: 0, 
     turnaround_time: 0, 
     wait_time: 0, 
    ]
]
[ Process_ID: 57 
  [Accounting:
    [end_time: 0, 
     num_bursts: 0, 
     start_time: 0, 
     total_burst_time: 0, 
     turnaround_time: 0, 
     wait_time: 0, 
    ]
]
[ Process_ID: 56 
  [Accounting:
    [end_time: 0, 
     num_bursts: 0, 
     start_time: 0, 
     total_burst_time: 0, 
     turnaround_time: 0, 
     wait_time: 0, 
    ]
]
[ Process_ID: 51 
  [Accounting:
    [end_time: 0, 
     num_bursts: 0, 
     start_time: 0, 
     total_burst_time: 0, 
     turnaround_time: 0, 
     wait_time: 0, 
    ]
]
[ Process_ID: 50 
  [Accounting:
    [end_time: 0, 
     num_bursts: 0, 
     start_time: 0, 
     total_burst_time: 0, 
     turnaround_time: 0, 
     wait_time: 0, 
    ]
]
[ Process_ID: 53 
  [Accounting:
    [end_time: 0, 
     num_bursts: 0, 
     start_time: 0, 
     total_burst_time: 0, 
     turnaround_time: 0, 
     wait_time: 0, 
    ]
]
[ Process_ID: 52 
  [Accounting:
    [end_time: 0, 
     num_bursts: 0, 
     start_time: 0, 
     total_burst_time: 0, 
     turnaround_time: 0, 
     wait_time: 0, 
    ]
]
[ Process_ID: 89 
  [Accounting:
    [end_time: 0, 
     num_bursts: 0, 
     start_time: 0, 
     total_burst_time: 0, 
     turnaround_time: 0, 
     wait_time: 0, 
    ]
]
[ Process_ID: 82 
  [Accounting:
    [end_time: 0, 
     num_bursts: 0, 
     start_time: 0, 
     total_burst_time: 0, 
     turnaround_time: 0, 
     wait_time: 0, 
    ]
]
[ Process_ID: 83 
  [Accounting:
    [end_time: 0, 
     num_bursts: 0, 
     start_time: 0, 
     total_burst_time: 0, 
     turnaround_time: 0, 
     wait_time: 0, 
    ]
]
[ Process_ID: 80 
  [Accounting:
    [end_time: 0, 
     num_bursts: 0, 
     start_time: 0, 
     total_burst_time: 0, 
     turnaround_time: 0, 
     wait_time: 0, 
    ]
]
[ Process_ID: 81 
  [Accounting:
    [end_time: 0, 
     num_bursts: 0, 
     start_time: 0, 
     total_burst_time: 0, 
     turnaround_time: 0, 
     wait_time: 0, 
    ]
]
[ Process_ID: 86 
  [Accounting:
    [end_time: 0, 
     num_bursts: 0, 
     start_time: 0, 
     total_burst_time: 0, 
     turnaround_time: 0, 
     wait_time: 0, 
    ]
]
[ Process_ID: 87 
  [Accounting:
    [end_time: 0, 
     num_bursts: 0, 
     start_time: 0, 
     total_burst_time: 0, 
     turnaround_time: 0, 
     wait_time: 0, 
    ]
]
[ Process_ID: 84 
  [Accounting:
    [end_time: 0, 
     num_bursts: 0, 
     start_time: 0, 
     total_burst_time: 0, 
     turnaround_time: 0, 
     wait_time: 0, 
    ]
]
[ Process_ID: 85 
  [Accounting:
    [end_time: 0, 
     num_bursts: 0, 
     start_time: 0, 
     total_burst_time: 0, 
     turnaround_time: 0, 
     wait_time: 0, 
    ]
]
[ Process_ID: 3 
  [Accounting:
    [end_time: 0, 
     num_bursts: 0, 
     start_time: 0, 
     total_burst_time: 0, 
     turnaround_time: 0, 
     wait_time: 0, 
    ]
]
[ Process_ID: 7 
  [Accounting:
    [end_time: 0, 
     num_bursts: 0, 
     start_time: 0, 
     total_burst_time: 0, 
     turnaround_time: 0, 
     wait_time: 0, 
    ]
]
[ Process_ID: 102 
  [Accounting:
    [end_time: 0, 
     num_bursts: 0, 
     start_time: 0, 
     total_burst_time: 0, 
     turnaround_time: 0, 
     wait_time: 0, 
    ]
]
[ Process_ID: 103 
  [Accounting:
    [end_time: 0, 
     num_bursts: 0, 
     start_time: 0, 
     total_burst_time: 0, 
     turnaround_time: 0, 
     wait_time: 0, 
    ]
]
[ Process_ID: 100 
  [Accounting:
    [end_time: 0, 
     num_bursts: 0, 
     start_time: 0, 
     total_burst_time: 0, 
     turnaround_time: 0, 
     wait_time: 0, 
    ]
]
[ Process_ID: 101 
  [Accounting:
    [end_time: 0, 
     num_bursts: 0, 
     start_time: 0, 
     total_burst_time: 0, 
     turnaround_time: 0, 
     wait_time: 0, 
    ]
]
[ Process_ID: 39 
  [Accounting:
    [end_time: 0, 
     num_bursts: 0, 
     start_time: 0, 
     total_burst_time: 0, 
     turnaround_time: 0, 
     wait_time: 0, 
    ]
]
[ Process_ID: 33 
  [Accounting:
    [end_time: 0, 
     num_bursts: 0, 
     start_time: 0, 
     total_burst_time: 0, 
     turnaround_time: 0, 
     wait_time: 0, 
    ]
]
[ Process_ID: 32 
  [Accounting:
    [end_time: 0, 
     num_bursts: 0, 
     start_time: 0, 
     total_burst_time: 0, 
     turnaround_time: 0, 
     wait_time: 0, 
    ]
]
[ Process_ID: 31 
  [Accounting:
    [end_time: 0, 
     num_bursts: 0, 
     start_time: 0, 
     total_burst_time: 0, 
     turnaround_time: 0, 
     wait_time: 0, 
    ]
]
[ Process_ID: 30 
  [Accounting:
    [end_time: 0, 
     num_bursts: 0, 
     start_time: 0, 
     total_burst_time: 0, 
     turnaround_time: 0, 
     wait_time: 0, 
    ]
]
[ Process_ID: 37 
  [Accounting:
    [end_time: 0, 
     num_bursts: 0, 
     start_time: 0, 
     total_burst_time: 0, 
     turnaround_time: 0, 
     wait_time: 0, 
    ]
]
[ Process_ID: 36 
  [Accounting:
    [end_time: 0, 
     num_bursts: 0, 
     start_time: 0, 
     total_burst_time: 0, 
     turnaround_time: 0, 
     wait_time: 0, 
    ]
]
[ Process_ID: 35 
  [Accounting:
    [end_time: 0, 
     num_bursts: 0, 
     start_time: 0, 
     total_burst_time: 0, 
     turnaround_time: 0, 
     wait_time: 0, 
    ]
]
[ Process_ID: 34 
  [Accounting:
    [end_time: 0, 
     num_bursts: 0, 
     start_time: 0, 
     total_burst_time: 0, 
     turnaround_time: 0, 
     wait_time: 0, 
    ]
]
[ Process_ID: 60 
  [Accounting:
    [end_time: 0, 
     num_bursts: 0, 
     start_time: 0, 
     total_burst_time: 0, 
     turnaround_time: 0, 
     wait_time: 0, 
    ]
]
[ Process_ID: 61 
  [Accounting:
    [end_time: 0, 
     num_bursts: 0, 
     start_time: 0, 
     total_burst_time: 0, 
     turnaround_time: 0, 
     wait_time: 0, 
    ]
]
[ Process_ID: 62 
  [Accounting:
    [end_time: 0, 
     num_bursts: 0, 
     start_time: 0, 
     total_burst_time: 0, 
     turnaround_time: 0, 
     wait_time: 0, 
    ]
]
[ Process_ID: 63 
  [Accounting:
    [end_time: 0, 
     num_bursts: 0, 
     start_time: 0, 
     total_burst_time: 0, 
     turnaround_time: 0, 
     wait_time: 0, 
    ]
]
[ Process_ID: 64 
  [Accounting:
    [end_time: 0, 
     num_bursts: 0, 
     start_time: 0, 
     total_burst_time: 0, 
     turnaround_time: 0, 
     wait_time: 0, 
    ]
]
[ Process_ID: 65 
  [Accounting:
    [end_time: 0, 
     num_bursts: 0, 
     start_time: 0, 
     total_burst_time: 0, 
     turnaround_time: 0, 
     wait_time: 0, 
    ]
]
[ Process_ID: 66 
  [Accounting:
    [end_time: 0, 
     num_bursts: 0, 
     start_time: 0, 
     total_burst_time: 0, 
     turnaround_time: 0, 
     wait_time: 0, 
    ]
]
[ Process_ID: 67 
  [Accounting:
    [end_time: 0, 
     num_bursts: 0, 
     start_time: 0, 
     total_burst_time: 0, 
     turnaround_time: 0, 
     wait_time: 0, 
    ]
]
[ Process_ID: 68 
  [Accounting:
    [end_time: 0, 
     num_bursts: 0, 
     start_time: 0, 
     total_burst_time: 0, 
     turnaround_time: 0, 
     wait_time: 0, 
    ]
]
[ Process_ID: 69 
  [Accounting:
    [end_time: 0, 
     num_bursts: 0, 
     start_time: 0, 
     total_burst_time: 0, 
     turnaround_time: 0, 
     wait_time: 0, 
    ]
]
[ Process_ID: 2 
  [Accounting:
    [end_time: 0, 
     num_bursts: 0, 
     start_time: 0, 
     total_burst_time: 0, 
     turnaround_time: 0, 
     wait_time: 0, 
    ]
]
[ Process_ID: 6 
  [Accounting:
    [end_time: 0, 
     num_bursts: 0, 
     start_time: 0, 
     total_burst_time: 0, 
     turnaround_time: 0, 
     wait_time: 0, 
    ]
]
[ Process_ID: 99 
  [Accounting:
    [end_time: 0, 
     num_bursts: 0, 
     start_time: 0, 
     total_burst_time: 0, 
     turnaround_time: 0, 
     wait_time: 0, 
    ]
]
[ Process_ID: 98 
  [Accounting:
    [end_time: 0, 
     num_bursts: 0, 
     start_time: 0, 
     total_burst_time: 0, 
     turnaround_time: 0, 
     wait_time: 0, 
    ]
]
[ Process_ID: 91 
  [Accounting:
    [end_time: 0, 
     num_bursts: 0, 
     start_time: 0, 
     total_burst_time: 0, 
     turnaround_time: 0, 
     wait_time: 0, 
    ]
]
[ Process_ID: 90 
  [Accounting:
    [end_time: 0, 
     num_bursts: 0, 
     start_time: 0, 
     total_burst_time: 0, 
     turnaround_time: 0, 
     wait_time: 0, 
    ]
]
[ Process_ID: 93 
  [Accounting:
    [end_time: 0, 
     num_bursts: 0, 
     start_time: 0, 
     total_burst_time: 0, 
     turnaround_time: 0, 
     wait_time: 0, 
    ]
]
[ Process_ID: 92 
  [Accounting:
    [end_time: 0, 
     num_bursts: 0, 
     start_time: 0, 
     total_burst_time: 0, 
     turnaround_time: 0, 
     wait_time: 0, 
    ]
]
[ Process_ID: 95 
  [Accounting:
    [end_time: 0, 
     num_bursts: 0, 
     start_time: 0, 
     total_burst_time: 0, 
     turnaround_time: 0, 
     wait_time: 0, 
    ]
]
[ Process_ID: 94 
  [Accounting:
    [end_time: 0, 
     num_bursts: 0, 
     start_time: 0, 
     total_burst_time: 0, 
     turnaround_time: 0, 
     wait_time: 0, 
    ]
]
[ Process_ID: 97 
  [Accounting:
    [end_time: 0, 
     num_bursts: 0, 
     start_time: 0, 
     total_burst_time: 0, 
     turnaround_time: 0, 
     wait_time: 0, 
    ]
]
[ Process_ID: 96 
  [Accounting:
    [end_time: 0, 
     num_bursts: 0, 
     start_time: 0, 
     total_burst_time: 0, 
     turnaround_time: 0, 
     wait_time: 0, 
    ]
]
[ Process_ID: 11 
  [Accounting:
    [end_time: 0, 
     num_bursts: 0, 
     start_time: 0, 
     total_burst_time: 0, 
     turnaround_time: 0, 
     wait_time: 0, 
    ]
]
[ Process_ID: 10 
  [Accounting:
    [end_time: 0, 
     num_bursts: 0, 
     start_time: 0, 
     total_burst_time: 0, 
     turnaround_time: 0, 
     wait_time: 0, 
    ]
]
[ Process_ID: 13 
  [Accounting:
    [end_time: 0, 
     num_bursts: 0, 
     start_time: 0, 
     total_burst_time: 0, 
     turnaround_time: 0, 
     wait_time: 0, 
    ]
]
[ Process_ID: 12 
  [Accounting:
    [end_time: 0, 
     num_bursts: 0, 
     start_time: 0, 
     total_burst_time: 0, 
     turnaround_time: 0, 
     wait_time: 0, 
    ]
]
[ Process_ID: 15 
  [Accounting:
    [end_time: 0, 
     num_bursts: 0, 
     start_time: 0, 
     total_burst_time: 0, 
     turnaround_time: 0, 
     wait_time: 0, 
    ]
]
[ Process_ID: 14 
  [Accounting:
    [end_time: 0, 
     num_bursts: 0, 
     start_time: 0, 
     total_burst_time: 0, 
     turnaround_time: 0, 
     wait_time: 0, 
    ]
]
[ Process_ID: 17 
  [Accounting:
    [end_time: 0, 
     num_bursts: 0, 
     start_time: 0, 
     total_burst_time: 0, 
     turnaround_time: 0, 
     wait_time: 0, 
    ]
]
[ Process_ID: 16 
  [Accounting:
    [end_time: 0, 
     num_bursts: 0, 
     start_time: 0, 
     total_burst_time: 0, 
     turnaround_time: 0, 
     wait_time: 0, 
    ]
]
[ Process_ID: 19 
  [Accounting:
    [end_time: 0, 
     num_bursts: 0, 
     start_time: 0, 
     total_burst_time: 0, 
     turnaround_time: 0, 
     wait_time: 0, 
    ]
]
[ Process_ID: 18 
  [Accounting:
    [end_time: 0, 
     num_bursts: 0, 
     start_time: 0, 
     total_burst_time: 0, 
     turnaround_time: 0, 
     wait_time: 0, 
    ]
]
[ Process_ID: 48 
  [Accounting:
    [end_time: 0, 
     num_bursts: 0, 
     start_time: 0, 
     total_burst_time: 0, 
     turnaround_time: 0, 
     wait_time: 0, 
    ]
]
[ Process_ID: 49 
  [Accounting:
    [end_time: 0, 
     num_bursts: 0, 
     start_time: 0, 
     total_burst_time: 0, 
     turnaround_time: 0, 
     wait_time: 0, 
    ]
]
[ Process_ID: 46 
  [Accounting:
    [end_time: 0, 
     num_bursts: 0, 
     start_time: 0, 
     total_burst_time: 0, 
     turnaround_time: 0, 
     wait_time: 0, 
    ]
]
[ Process_ID: 47 
  [Accounting:
    [end_time: 0, 
     num_bursts: 0, 
     start_time: 0, 
     total_burst_time: 0, 
     turnaround_time: 0, 
     wait_time: 0, 
    ]
]
[ Process_ID: 44 
  [Accounting:
    [end_time: 0, 
     num_bursts: 0, 
     start_time: 0, 
     total_burst_time: 0, 
     turnaround_time: 0, 
     wait_time: 0, 
    ]
]
[ Process_ID: 45 
  [Accounting:
    [end_time: 0, 
     num_bursts: 0, 
     start_time: 0, 
     total_burst_time: 0, 
     turnaround_time: 0, 
     wait_time: 0, 
    ]
]
[ Process_ID: 42 
  [Accounting:
    [end_time: 0, 
     num_bursts: 0, 
     start_time: 0, 
     total_burst_time: 0, 
     turnaround_time: 0, 
     wait_time: 0, 
    ]
]
[ Process_ID: 43 
  [Accounting:
    [end_time: 0, 
     num_bursts: 0, 
     start_time: 0, 
     total_burst_time: 0, 
     turnaround_time: 0, 
     wait_time: 0, 
    ]
]
[ Process_ID: 40 
  [Accounting:
    [end_time: 0, 
     num_bursts: 0, 
     start_time: 0, 
     total_burst_time: 0, 
     turnaround_time: 0, 
     wait_time: 0, 
    ]
]
[ Process_ID: 41 
  [Accounting:
    [end_time: 0, 
     num_bursts: 0, 
     start_time: 0, 
     total_burst_time: 0, 
     turnaround_time: 0, 
     wait_time: 0, 
    ]
]
[ Process_ID: 1 
  [Accounting:
    [end_time: 0, 
     num_bursts: 0, 
     start_time: 0, 
     total_burst_time: 0, 
     turnaround_time: 0, 
     wait_time: 0, 
    ]
]
[ Process_ID: 5 
  [Accounting:
    [end_time: 0, 
     num_bursts: 0, 
     start_time: 0, 
     total_burst_time: 0, 
     turnaround_time: 0, 
     wait_time: 0, 
    ]
]
[ Process_ID: 9 
  [Accounting:
    [end_time: 0, 
     num_bursts: 0, 
     start_time: 0, 
     total_burst_time: 0, 
     turnaround_time: 0, 
     wait_time: 0, 
    ]
]
[ Process_ID: 77 
  [Accounting:
    [end_time: 0, 
     num_bursts: 0, 
     start_time: 0, 
     total_burst_time: 0, 
     turnaround_time: 0, 
     wait_time: 0, 
    ]
]
[ Process_ID: 76 
  [Accounting:
    [end_time: 0, 
     num_bursts: 0, 
     start_time: 0, 
     total_burst_time: 0, 
     turnaround_time: 0, 
     wait_time: 0, 
    ]
]
[ Process_ID: 75 
  [Accounting:
    [end_time: 0, 
     num_bursts: 0, 
     start_time: 0, 
     total_burst_time: 0, 
     turnaround_time: 0, 
     wait_time: 0, 
    ]
]
[ Process_ID: 74 
  [Accounting:
    [end_time: 0, 
     num_bursts: 0, 
     start_time: 0, 
     total_burst_time: 0, 
     turnaround_time: 0, 
     wait_time: 0, 
    ]
]
[ Process_ID: 73 
  [Accounting:
    [end_time: 0, 
     num_bursts: 0, 
     start_time: 0, 
     total_burst_time: 0, 
     turnaround_time: 0, 
     wait_time: 0, 
    ]
]
[ Process_ID: 72 
  [Accounting:
    [end_time: 0, 
     num_bursts: 0, 
     start_time: 0, 
     total_burst_time: 0, 
     turnaround_time: 0, 
     wait_time: 0, 
    ]
]
[ Process_ID: 71 
  [Accounting:
    [end_time: 0, 
     num_bursts: 0, 
     start_time: 0, 
     total_burst_time: 0, 
     turnaround_time: 0, 
     wait_time: 0, 
    ]
]
[ Process_ID: 70 
  [Accounting:
    [end_time: 0, 
     num_bursts: 0, 
     start_time: 0, 
     total_burst_time: 0, 
     turnaround_time: 0, 
     wait_time: 0, 
    ]
]
[ Process_ID: 79 
  [Accounting:
    [end_time: 0, 
     num_bursts: 0, 
     start_time: 0, 
     total_burst_time: 0, 
     turnaround_time: 0, 
     wait_time: 0, 
    ]
]
[ Process_ID: 78 
  [Accounting:
    [end_time: 0, 
     num_bursts: 0, 
     start_time: 0, 
     total_burst_time: 0, 
     turnaround_time: 0, 
     wait_time: 0, 
    ]
]

